<?xml version="1.0" encoding="utf-8"?><testsuites name="pytest tests"><testsuite name="pytest" errors="0" failures="0" skipped="0" tests="21" time="2.790" timestamp="2026-06-21T21:53:51.024455+00:00" hostname="agent-env-5a3967a5-6061-4a5e-bee9-e311b0475f1b"><testcase classname="backend.tests.test_zhmed_backend" name="test_services_returns_12" time="0.278" /><testcase classname="backend.tests.test_zhmed_backend" name="test_blog_list_returns_4" time="0.151" /><testcase classname="backend.tests.test_zhmed_backend" name="test_blog_detail_ok" time="0.112" /><testcase classname="backend.tests.test_zhmed_backend" name="test_blog_invalid_slug_404" time="0.135" /><testcase classname="backend.tests.test_zhmed_backend" name="test_availability_future_18_slots" time="0.101" /><testcase classname="backend.tests.test_zhmed_backend" name="test_availability_past_date" time="0.100" /><testcase classname="backend.tests.test_zhmed_backend" name="test_availability_invalid_date" time="0.128" /><testcase classname="backend.tests.test_zhmed_backend" name="test_create_booking_valid" time="0.097" /><testcase classname="backend.tests.test_zhmed_backend" name="test_create_booking_conflict_409" time="0.130" /><testcase classname="backend.tests.test_zhmed_backend" name="test_create_booking_invalid_slot_400" time="0.094" /><testcase classname="backend.tests.test_zhmed_backend" name="test_create_booking_past_date_400" time="0.092" /><testcase classname="backend.tests.test_zhmed_backend" name="test_create_booking_invalid_service_400" time="0.095" /><testcase classname="backend.tests.test_zhmed_backend" name="test_list_bookings_requires_admin" time="0.143" /><testcase classname="backend.tests.test_zhmed_backend" name="test_list_bookings_admin_ok" time="0.097" /><testcase classname="backend.tests.test_zhmed_backend" name="test_update_booking_status_admin" time="0.099" /><testcase classname="backend.tests.test_zhmed_backend" name="test_update_booking_status_invalid" time="0.110" /><testcase classname="backend.tests.test_zhmed_backend" name="test_create_contact_ok" time="0.126" /><testcase classname="backend.tests.test_zhmed_backend" name="test_list_contact_unauth" time="0.092" /><testcase classname="backend.tests.test_zhmed_backend" name="test_list_contact_admin_includes_message" time="0.096" /><testcase classname="backend.tests.test_zhmed_backend" name="test_admin_verify_ok" time="0.103" /><testcase classname="backend.tests.test_zhmed_backend" name="test_admin_verify_wrong" time="0.095" /></testsuite></testsuites>